# JRE version: OpenJDK Runtime Environment (8.0_152-b06) (build 1.8.0_152-release-1136-b06)
# Java VM: OpenJDK 64-Bit Server VM (25.152-b06 mixed mode windows-amd64 compressed oops)
Heap:
 PSYoungGen      total 391168K, used 22563K [0x00000000e0000000, 0x00000000faf80000, 0x0000000100000000)
  eden space 379392K, 5% used [0x00000000e0000000,0x00000000e13a51c8,0x00000000f7280000)
  from space 11776K, 20% used [0x00000000f8180000,0x00000000f83e3c58,0x00000000f8d00000)
  to   space 15360K, 0% used [0x00000000f7280000,0x00000000f7280000,0x00000000f8180000)
 ParOldGen       total 94208K, used 38085K [0x00000000a0000000, 0x00000000a5c00000, 0x00000000e0000000)
  object space 94208K, 40% used [0x00000000a0000000,0x00000000a2531600,0x00000000a5c00000)
 Metaspace       used 67657K, capacity 70342K, committed 70488K, reserved 1110016K
  class space    used 8922K, capacity 9509K, committed 9600K, reserved 1048576K
GC Heap History (10 events):
Event: 48.513 GC heap before
{Heap before GC invocations=29 (full 3):
 PSYoungGen      total 339456K, used 329117K [0x00000000e0000000, 0x00000000f9180000, 0x0000000100000000)
  eden space 322560K, 100% used [0x00000000e0000000,0x00000000f3b00000,0x00000000f3b00000)
  from space 16896K, 38% used [0x00000000f3b00000,0x00000000f4167790,0x00000000f4b80000)
  to   space 16384K, 0% used [0x00000000f8180000,0x00000000f8180000,0x00000000f9180000)
 ParOldGen       total 94208K, used 36305K [0x00000000a0000000, 0x00000000a5c00000, 0x00000000e0000000)
  object space 94208K, 38% used [0x00000000a0000000,0x00000000a2374540,0x00000000a5c00000)
 Metaspace       used 67488K, capacity 70144K, committed 70488K, reserved 1110016K
  class space    used 8920K, capacity 9508K, committed 9600K, reserved 1048576K
Event: 48.533 GC heap after
Heap after GC invocations=29 (full 3):
 PSYoungGen      total 385536K, used 2868K [0x00000000e0000000, 0x00000000f8d00000, 0x0000000100000000)
  eden space 373760K, 0% used [0x00000000e0000000,0x00000000e0000000,0x00000000f6d00000)
  from space 11776K, 24% used [0x00000000f8180000,0x00000000f844d3a8,0x00000000f8d00000)
  to   space 16384K, 0% used [0x00000000f6d00000,0x00000000f6d00000,0x00000000f7d00000)
 ParOldGen       total 94208K, used 38037K [0x00000000a0000000, 0x00000000a5c00000, 0x00000000e0000000)
  object space 94208K, 40% used [0x00000000a0000000,0x00000000a2525600,0x00000000a5c00000)
 Metaspace       used 67488K, capacity 70144K, committed 70488K, reserved 1110016K
  class space    used 8920K, capacity 9508K, committed 9600K, reserved 1048576K
}
Event: 51.058 GC heap before
{Heap before GC invocations=30 (full 3):
 PSYoungGen      total 385536K, used 376628K [0x00000000e0000000, 0x00000000f8d00000, 0x0000000100000000)
  eden space 373760K, 100% used [0x00000000e0000000,0x00000000f6d00000,0x00000000f6d00000)
  from space 11776K, 24% used [0x00000000f8180000,0x00000000f844d3a8,0x00000000f8d00000)
  to   space 16384K, 0% used [0x00000000f6d00000,0x00000000f6d00000,0x00000000f7d00000)
 ParOldGen       total 94208K, used 38037K [0x00000000a0000000, 0x00000000a5c00000, 0x00000000e0000000)
  object space 94208K, 40% used [0x00000000a0000000,0x00000000a2525600,0x00000000a5c00000)
 Metaspace       used 67525K, capacity 70144K, committed 70488K, reserved 1110016K
  class space    used 8920K, capacity 9508K, committed 9600K, reserved 1048576K
Event: 51.068 GC heap after
Heap after GC invocations=30 (full 3):
 PSYoungGen      total 390144K, used 2185K [0x00000000e0000000, 0x00000000f8d00000, 0x0000000100000000)
  eden space 373760K, 0% used [0x00000000e0000000,0x00000000e0000000,0x00000000f6d00000)
  from space 16384K, 13% used [0x00000000f6d00000,0x00000000f6f226a0,0x00000000f7d00000)
  to   space 11776K, 0% used [0x00000000f8180000,0x00000000f8180000,0x00000000f8d00000)
 ParOldGen       total 94208K, used 38061K [0x00000000a0000000, 0x00000000a5c00000, 0x00000000e0000000)
  object space 94208K, 40% used [0x00000000a0000000,0x00000000a252b600,0x00000000a5c00000)
 Metaspace       used 67525K, capacity 70144K, committed 70488K, reserved 1110016K
  class space    used 8920K, capacity 9508K, committed 9600K, reserved 1048576K
}
Event: 53.707 GC heap before
{Heap before GC invocations=31 (full 3):
 PSYoungGen      total 390144K, used 375945K [0x00000000e0000000, 0x00000000f8d00000, 0x0000000100000000)
  eden space 373760K, 100% used [0x00000000e0000000,0x00000000f6d00000,0x00000000f6d00000)
  from space 16384K, 13% used [0x00000000f6d00000,0x00000000f6f226a0,0x00000000f7d00000)
  to   space 11776K, 0% used [0x00000000f8180000,0x00000000f8180000,0x00000000f8d00000)
 ParOldGen       total 94208K, used 38061K [0x00000000a0000000, 0x00000000a5c00000, 0x00000000e0000000)
  object space 94208K, 40% used [0x00000000a0000000,0x00000000a252b600,0x00000000a5c00000)
 Metaspace       used 67565K, capacity 70208K, committed 70488K, reserved 1110016K
  class space    used 8920K, capacity 9508K, committed 9600K, reserved 1048576K
Event: 53.721 GC heap after
Heap after GC invocations=31 (full 3):
 PSYoungGen      total 385536K, used 3242K [0x00000000e0000000, 0x00000000f8d00000, 0x0000000100000000)
  eden space 373760K, 0% used [0x00000000e0000000,0x00000000e0000000,0x00000000f6d00000)
  from space 11776K, 27% used [0x00000000f8180000,0x00000000f84aa838,0x00000000f8d00000)
  to   space 16384K, 0% used [0x00000000f6d00000,0x00000000f6d00000,0x00000000f7d00000)
 ParOldGen       total 94208K, used 38069K [0x00000000a0000000, 0x00000000a5c00000, 0x00000000e0000000)
  object space 94208K, 40% used [0x00000000a0000000,0x00000000a252d600,0x00000000a5c00000)
 Metaspace       used 67565K, capacity 70208K, committed 70488K, reserved 1110016K
  class space    used 8920K, capacity 9508K, committed 9600K, reserved 1048576K
}
Event: 56.429 GC heap before
{Heap before GC invocations=32 (full 3):
 PSYoungGen      total 385536K, used 377002K [0x00000000e0000000, 0x00000000f8d00000, 0x0000000100000000)
  eden space 373760K, 100% used [0x00000000e0000000,0x00000000f6d00000,0x00000000f6d00000)
  from space 11776K, 27% used [0x00000000f8180000,0x00000000f84aa838,0x00000000f8d00000)
  to   space 16384K, 0% used [0x00000000f6d00000,0x00000000f6d00000,0x00000000f7d00000)
 ParOldGen       total 94208K, used 38069K [0x00000000a0000000, 0x00000000a5c00000, 0x00000000e0000000)
  object space 94208K, 40% used [0x00000000a0000000,0x00000000a252d600,0x00000000a5c00000)
 Metaspace       used 67627K, capacity 70278K, committed 70488K, reserved 1110016K
  class space    used 8922K, capacity 9509K, committed 9600K, reserved 1048576K
Event: 56.439 GC heap after
Heap after GC invocations=32 (full 3):
 PSYoungGen      total 390144K, used 3059K [0x00000000e0000000, 0x00000000f8d00000, 0x0000000100000000)
  eden space 373760K, 0% used [0x00000000e0000000,0x00000000e0000000,0x00000000f6d00000)
  from space 16384K, 18% used [0x00000000f6d00000,0x00000000f6ffcee0,0x00000000f7d00000)
  to   space 11776K, 0% used [0x00000000f8180000,0x00000000f8180000,0x00000000f8d00000)
 ParOldGen       total 94208K, used 38077K [0x00000000a0000000, 0x00000000a5c00000, 0x00000000e0000000)
  object space 94208K, 40% used [0x00000000a0000000,0x00000000a252f600,0x00000000a5c00000)
 Metaspace       used 67627K, capacity 70278K, committed 70488K, reserved 1110016K
  class space    used 8922K, capacity 9509K, committed 9600K, reserved 1048576K
}
Event: 58.363 GC heap before
{Heap before GC invocations=33 (full 3):
 PSYoungGen      total 390144K, used 376819K [0x00000000e0000000, 0x00000000f8d00000, 0x0000000100000000)
  eden space 373760K, 100% used [0x00000000e0000000,0x00000000f6d00000,0x00000000f6d00000)
  from space 16384K, 18% used [0x00000000f6d00000,0x00000000f6ffcee0,0x00000000f7d00000)
  to   space 11776K, 0% used [0x00000000f8180000,0x00000000f8180000,0x00000000f8d00000)
 ParOldGen       total 94208K, used 38077K [0x00000000a0000000, 0x00000000a5c00000, 0x00000000e0000000)
  object space 94208K, 40% used [0x00000000a0000000,0x00000000a252f600,0x00000000a5c00000)
 Metaspace       used 67655K, capacity 70342K, committed 70488K, reserved 1110016K
  class space    used 8922K, capacity 9509K, committed 9600K, reserved 1048576K
Event: 58.370 GC heap after
Heap after GC invocations=33 (full 3):
 PSYoungGen      total 391168K, used 2447K [0x00000000e0000000, 0x00000000faf80000, 0x0000000100000000)
  eden space 379392K, 0% used [0x00000000e0000000,0x00000000e0000000,0x00000000f7280000)
  from space 11776K, 20% used [0x00000000f8180000,0x00000000f83e3c58,0x00000000f8d00000)
  to   space 15360K, 0% used [0x00000000f7280000,0x00000000f7280000,0x00000000f8180000)
 ParOldGen       total 94208K, used 38085K [0x00000000a0000000, 0x00000000a5c00000, 0x00000000e0000000)
  object space 94208K, 40% used [0x00000000a0000000,0x00000000a2531600,0x00000000a5c00000)
 Metaspace       used 67655K, capacity 70342K, committed 70488K, reserved 1110016K
  class space    used 8922K, capacity 9509K, committed 9600K, reserved 1048576K
}

