# JRE version: OpenJDK Runtime Environment (8.0_152-b06) (build 1.8.0_152-release-1136-b06)
# Java VM: OpenJDK 64-Bit Server VM (25.152-b06 mixed mode windows-amd64 compressed oops)
Heap:
 PSYoungGen      total 217600K, used 46721K [0x00000000e0000000, 0x00000000f1100000, 0x0000000100000000)
  eden space 173056K, 3% used [0x00000000e0000000,0x00000000e05535e8,0x00000000ea900000)
  from space 44544K, 92% used [0x00000000eda80000,0x00000000f02cd140,0x00000000f0600000)
  to   space 50688K, 0% used [0x00000000ea900000,0x00000000ea900000,0x00000000eda80000)
 ParOldGen       total 172032K, used 94827K [0x00000000a0000000, 0x00000000aa800000, 0x00000000e0000000)
  object space 172032K, 55% used [0x00000000a0000000,0x00000000a5c9ad30,0x00000000aa800000)
 Metaspace       used 88902K, capacity 92894K, committed 93056K, reserved 1130496K
  class space    used 11339K, capacity 12316K, committed 12416K, reserved 1048576K
GC Heap History (10 events):
Event: 463.219 GC heap before
{Heap before GC invocations=30 (full 3):
 PSYoungGen      total 157184K, used 157180K [0x00000000e0000000, 0x00000000ebe00000, 0x0000000100000000)
  eden space 137216K, 100% used [0x00000000e0000000,0x00000000e8600000,0x00000000e8600000)
  from space 19968K, 99% used [0x00000000eaa00000,0x00000000ebd7f268,0x00000000ebd80000)
  to   space 28672K, 0% used [0x00000000e8600000,0x00000000e8600000,0x00000000ea200000)
 ParOldGen       total 83968K, used 68969K [0x00000000a0000000, 0x00000000a5200000, 0x00000000e0000000)
  object space 83968K, 82% used [0x00000000a0000000,0x00000000a435a4f0,0x00000000a5200000)
 Metaspace       used 79269K, capacity 82616K, committed 82816K, reserved 1120256K
  class space    used 10193K, capacity 11039K, committed 11136K, reserved 1048576K
Event: 463.351 GC heap after
Heap after GC invocations=30 (full 3):
 PSYoungGen      total 165888K, used 28645K [0x00000000e0000000, 0x00000000eec80000, 0x0000000100000000)
  eden space 137216K, 0% used [0x00000000e0000000,0x00000000e0000000,0x00000000e8600000)
  from space 28672K, 99% used [0x00000000e8600000,0x00000000ea1f96d8,0x00000000ea200000)
  to   space 41984K, 0% used [0x00000000ec380000,0x00000000ec380000,0x00000000eec80000)
 ParOldGen       total 93696K, used 93285K [0x00000000a0000000, 0x00000000a5b80000, 0x00000000e0000000)
  object space 93696K, 99% used [0x00000000a0000000,0x00000000a5b195b0,0x00000000a5b80000)
 Metaspace       used 79269K, capacity 82616K, committed 82816K, reserved 1120256K
  class space    used 10193K, capacity 11039K, committed 11136K, reserved 1048576K
}
Event: 463.351 GC heap before
{Heap before GC invocations=31 (full 4):
 PSYoungGen      total 165888K, used 28645K [0x00000000e0000000, 0x00000000eec80000, 0x0000000100000000)
  eden space 137216K, 0% used [0x00000000e0000000,0x00000000e0000000,0x00000000e8600000)
  from space 28672K, 99% used [0x00000000e8600000,0x00000000ea1f96d8,0x00000000ea200000)
  to   space 41984K, 0% used [0x00000000ec380000,0x00000000ec380000,0x00000000eec80000)
 ParOldGen       total 93696K, used 93285K [0x00000000a0000000, 0x00000000a5b80000, 0x00000000e0000000)
  object space 93696K, 99% used [0x00000000a0000000,0x00000000a5b195b0,0x00000000a5b80000)
 Metaspace       used 79269K, capacity 82616K, committed 82816K, reserved 1120256K
  class space    used 10193K, capacity 11039K, committed 11136K, reserved 1048576K
Event: 464.191 GC heap after
Heap after GC invocations=31 (full 4):
 PSYoungGen      total 165888K, used 17668K [0x00000000e0000000, 0x00000000eec80000, 0x0000000100000000)
  eden space 137216K, 0% used [0x00000000e0000000,0x00000000e0000000,0x00000000e8600000)
  from space 28672K, 61% used [0x00000000e8600000,0x00000000e9741188,0x00000000ea200000)
  to   space 41984K, 0% used [0x00000000ec380000,0x00000000ec380000,0x00000000eec80000)
 ParOldGen       total 172032K, used 93278K [0x00000000a0000000, 0x00000000aa800000, 0x00000000e0000000)
  object space 172032K, 54% used [0x00000000a0000000,0x00000000a5b178c8,0x00000000aa800000)
 Metaspace       used 79269K, capacity 82616K, committed 82816K, reserved 1120256K
  class space    used 10193K, capacity 11039K, committed 11136K, reserved 1048576K
}
Event: 479.673 GC heap before
{Heap before GC invocations=32 (full 4):
 PSYoungGen      total 165888K, used 154884K [0x00000000e0000000, 0x00000000eec80000, 0x0000000100000000)
  eden space 137216K, 100% used [0x00000000e0000000,0x00000000e8600000,0x00000000e8600000)
  from space 28672K, 61% used [0x00000000e8600000,0x00000000e9741188,0x00000000ea200000)
  to   space 41984K, 0% used [0x00000000ec380000,0x00000000ec380000,0x00000000eec80000)
 ParOldGen       total 172032K, used 93278K [0x00000000a0000000, 0x00000000aa800000, 0x00000000e0000000)
  object space 172032K, 54% used [0x00000000a0000000,0x00000000a5b178c8,0x00000000aa800000)
 Metaspace       used 80063K, capacity 83416K, committed 83584K, reserved 1122304K
  class space    used 10223K, capacity 11071K, committed 11136K, reserved 1048576K
Event: 479.730 GC heap after
Heap after GC invocations=32 (full 4):
 PSYoungGen      total 199680K, used 23281K [0x00000000e0000000, 0x00000000eed80000, 0x0000000100000000)
  eden space 157696K, 0% used [0x00000000e0000000,0x00000000e0000000,0x00000000e9a00000)
  from space 41984K, 55% used [0x00000000ec380000,0x00000000eda3c538,0x00000000eec80000)
  to   space 42496K, 0% used [0x00000000e9a00000,0x00000000e9a00000,0x00000000ec380000)
 ParOldGen       total 172032K, used 93382K [0x00000000a0000000, 0x00000000aa800000, 0x00000000e0000000)
  object space 172032K, 54% used [0x00000000a0000000,0x00000000a5b318f8,0x00000000aa800000)
 Metaspace       used 80063K, capacity 83416K, committed 83584K, reserved 1122304K
  class space    used 10223K, capacity 11071K, committed 11136K, reserved 1048576K
}
Event: 493.100 GC heap before
{Heap before GC invocations=33 (full 4):
 PSYoungGen      total 199680K, used 180977K [0x00000000e0000000, 0x00000000eed80000, 0x0000000100000000)
  eden space 157696K, 100% used [0x00000000e0000000,0x00000000e9a00000,0x00000000e9a00000)
  from space 41984K, 55% used [0x00000000ec380000,0x00000000eda3c538,0x00000000eec80000)
  to   space 42496K, 0% used [0x00000000e9a00000,0x00000000e9a00000,0x00000000ec380000)
 ParOldGen       total 172032K, used 93382K [0x00000000a0000000, 0x00000000aa800000, 0x00000000e0000000)
  object space 172032K, 54% used [0x00000000a0000000,0x00000000a5b318f8,0x00000000aa800000)
 Metaspace       used 80071K, capacity 83422K, committed 83584K, reserved 1122304K
  class space    used 10224K, capacity 11072K, committed 11136K, reserved 1048576K
Event: 493.139 GC heap after
Heap after GC invocations=33 (full 4):
 PSYoungGen      total 200192K, used 29747K [0x00000000e0000000, 0x00000000f0600000, 0x0000000100000000)
  eden space 157696K, 0% used [0x00000000e0000000,0x00000000e0000000,0x00000000e9a00000)
  from space 42496K, 69% used [0x00000000e9a00000,0x00000000eb70ccc8,0x00000000ec380000)
  to   space 44544K, 0% used [0x00000000eda80000,0x00000000eda80000,0x00000000f0600000)
 ParOldGen       total 172032K, used 94819K [0x00000000a0000000, 0x00000000aa800000, 0x00000000e0000000)
  object space 172032K, 55% used [0x00000000a0000000,0x00000000a5c98d30,0x00000000aa800000)
 Metaspace       used 80071K, capacity 83422K, committed 83584K, reserved 1122304K
  class space    used 10224K, capacity 11072K, committed 11136K, reserved 1048576K
}
Event: 512.977 GC heap before
{Heap before GC invocations=34 (full 4):
 PSYoungGen      total 200192K, used 187443K [0x00000000e0000000, 0x00000000f0600000, 0x0000000100000000)
  eden space 157696K, 100% used [0x00000000e0000000,0x00000000e9a00000,0x00000000e9a00000)
  from space 42496K, 69% used [0x00000000e9a00000,0x00000000eb70ccc8,0x00000000ec380000)
  to   space 44544K, 0% used [0x00000000eda80000,0x00000000eda80000,0x00000000f0600000)
 ParOldGen       total 172032K, used 94819K [0x00000000a0000000, 0x00000000aa800000, 0x00000000e0000000)
  object space 172032K, 55% used [0x00000000a0000000,0x00000000a5c98d30,0x00000000aa800000)
 Metaspace       used 88836K, capacity 92814K, committed 93056K, reserved 1130496K
  class space    used 11328K, capacity 12314K, committed 12416K, reserved 1048576K
Event: 513.093 GC heap after
Heap after GC invocations=34 (full 4):
 PSYoungGen      total 217600K, used 41268K [0x00000000e0000000, 0x00000000f1100000, 0x0000000100000000)
  eden space 173056K, 0% used [0x00000000e0000000,0x00000000e0000000,0x00000000ea900000)
  from space 44544K, 92% used [0x00000000eda80000,0x00000000f02cd140,0x00000000f0600000)
  to   space 50688K, 0% used [0x00000000ea900000,0x00000000ea900000,0x00000000eda80000)
 ParOldGen       total 172032K, used 94827K [0x00000000a0000000, 0x00000000aa800000, 0x00000000e0000000)
  object space 172032K, 55% used [0x00000000a0000000,0x00000000a5c9ad30,0x00000000aa800000)
 Metaspace       used 88836K, capacity 92814K, committed 93056K, reserved 1130496K
  class space    used 11328K, capacity 12314K, committed 12416K, reserved 1048576K
}

