# JRE version: OpenJDK Runtime Environment (8.0_152-b06) (build 1.8.0_152-release-1136-b06)
# Java VM: OpenJDK 64-Bit Server VM (25.152-b06 mixed mode windows-amd64 compressed oops)
Heap:
 PSYoungGen      total 123904K, used 22853K [0x00000000e0000000, 0x00000000e9300000, 0x0000000100000000)
  eden space 107008K, 16% used [0x00000000e0000000,0x00000000e1155550,0x00000000e6880000)
  from space 16896K, 30% used [0x00000000e6880000,0x00000000e6d7c2a8,0x00000000e7900000)
  to   space 16384K, 0% used [0x00000000e8300000,0x00000000e8300000,0x00000000e9300000)
 ParOldGen       total 84992K, used 59289K [0x00000000a0000000, 0x00000000a5300000, 0x00000000e0000000)
  object space 84992K, 69% used [0x00000000a0000000,0x00000000a39e64d8,0x00000000a5300000)
 Metaspace       used 73458K, capacity 76265K, committed 76376K, reserved 1116160K
  class space    used 9527K, capacity 10266K, committed 10368K, reserved 1048576K
GC Heap History (10 events):
Event: 64.680 GC heap before
{Heap before GC invocations=34 (full 3):
 PSYoungGen      total 99840K, used 90542K [0x00000000e0000000, 0x00000000e7480000, 0x0000000100000000)
  eden space 85504K, 100% used [0x00000000e0000000,0x00000000e5380000,0x00000000e5380000)
  from space 14336K, 35% used [0x00000000e6680000,0x00000000e6b6b990,0x00000000e7480000)
  to   space 16896K, 0% used [0x00000000e5380000,0x00000000e5380000,0x00000000e6400000)
 ParOldGen       total 84992K, used 53554K [0x00000000a0000000, 0x00000000a5300000, 0x00000000e0000000)
  object space 84992K, 63% used [0x00000000a0000000,0x00000000a344cba8,0x00000000a5300000)
 Metaspace       used 69750K, capacity 72349K, committed 72536K, reserved 1112064K
  class space    used 9125K, capacity 9808K, committed 9856K, reserved 1048576K
Event: 64.697 GC heap after
Heap after GC invocations=34 (full 3):
 PSYoungGen      total 102400K, used 6706K [0x00000000e0000000, 0x00000000e7d00000, 0x0000000100000000)
  eden space 85504K, 0% used [0x00000000e0000000,0x00000000e0000000,0x00000000e5380000)
  from space 16896K, 39% used [0x00000000e5380000,0x00000000e5a0caa0,0x00000000e6400000)
  to   space 15872K, 0% used [0x00000000e6d80000,0x00000000e6d80000,0x00000000e7d00000)
 ParOldGen       total 84992K, used 53562K [0x00000000a0000000, 0x00000000a5300000, 0x00000000e0000000)
  object space 84992K, 63% used [0x00000000a0000000,0x00000000a344eba8,0x00000000a5300000)
 Metaspace       used 69750K, capacity 72349K, committed 72536K, reserved 1112064K
  class space    used 9125K, capacity 9808K, committed 9856K, reserved 1048576K
}
Event: 65.248 GC heap before
{Heap before GC invocations=35 (full 3):
 PSYoungGen      total 102400K, used 92210K [0x00000000e0000000, 0x00000000e7d00000, 0x0000000100000000)
  eden space 85504K, 100% used [0x00000000e0000000,0x00000000e5380000,0x00000000e5380000)
  from space 16896K, 39% used [0x00000000e5380000,0x00000000e5a0caa0,0x00000000e6400000)
  to   space 15872K, 0% used [0x00000000e6d80000,0x00000000e6d80000,0x00000000e7d00000)
 ParOldGen       total 84992K, used 53562K [0x00000000a0000000, 0x00000000a5300000, 0x00000000e0000000)
  object space 84992K, 63% used [0x00000000a0000000,0x00000000a344eba8,0x00000000a5300000)
 Metaspace       used 69764K, capacity 72349K, committed 72536K, reserved 1112064K
  class space    used 9125K, capacity 9808K, committed 9856K, reserved 1048576K
Event: 65.272 GC heap after
Heap after GC invocations=35 (full 3):
 PSYoungGen      total 112640K, used 6019K [0x00000000e0000000, 0x00000000e7f80000, 0x0000000100000000)
  eden space 96768K, 0% used [0x00000000e0000000,0x00000000e0000000,0x00000000e5e80000)
  from space 15872K, 37% used [0x00000000e6d80000,0x00000000e7360c68,0x00000000e7d00000)
  to   space 15360K, 0% used [0x00000000e5e80000,0x00000000e5e80000,0x00000000e6d80000)
 ParOldGen       total 84992K, used 53562K [0x00000000a0000000, 0x00000000a5300000, 0x00000000e0000000)
  object space 84992K, 63% used [0x00000000a0000000,0x00000000a344eba8,0x00000000a5300000)
 Metaspace       used 69764K, capacity 72349K, committed 72536K, reserved 1112064K
  class space    used 9125K, capacity 9808K, committed 9856K, reserved 1048576K
}
Event: 69.423 GC heap before
{Heap before GC invocations=36 (full 3):
 PSYoungGen      total 112640K, used 102787K [0x00000000e0000000, 0x00000000e7f80000, 0x0000000100000000)
  eden space 96768K, 100% used [0x00000000e0000000,0x00000000e5e80000,0x00000000e5e80000)
  from space 15872K, 37% used [0x00000000e6d80000,0x00000000e7360c68,0x00000000e7d00000)
  to   space 15360K, 0% used [0x00000000e5e80000,0x00000000e5e80000,0x00000000e6d80000)
 ParOldGen       total 84992K, used 53562K [0x00000000a0000000, 0x00000000a5300000, 0x00000000e0000000)
  object space 84992K, 63% used [0x00000000a0000000,0x00000000a344eba8,0x00000000a5300000)
 Metaspace       used 70168K, capacity 72869K, committed 73176K, reserved 1112064K
  class space    used 9175K, capacity 9860K, committed 9984K, reserved 1048576K
Event: 69.434 GC heap after
Heap after GC invocations=36 (full 3):
 PSYoungGen      total 112128K, used 1503K [0x00000000e0000000, 0x00000000e8800000, 0x0000000100000000)
  eden space 96768K, 0% used [0x00000000e0000000,0x00000000e0000000,0x00000000e5e80000)
  from space 15360K, 9% used [0x00000000e5e80000,0x00000000e5ff7e40,0x00000000e6d80000)
  to   space 15360K, 0% used [0x00000000e7900000,0x00000000e7900000,0x00000000e8800000)
 ParOldGen       total 84992K, used 59273K [0x00000000a0000000, 0x00000000a5300000, 0x00000000e0000000)
  object space 84992K, 69% used [0x00000000a0000000,0x00000000a39e24d8,0x00000000a5300000)
 Metaspace       used 70168K, capacity 72869K, committed 73176K, reserved 1112064K
  class space    used 9175K, capacity 9860K, committed 9984K, reserved 1048576K
}
Event: 71.593 GC heap before
{Heap before GC invocations=37 (full 3):
 PSYoungGen      total 112128K, used 98271K [0x00000000e0000000, 0x00000000e8800000, 0x0000000100000000)
  eden space 96768K, 100% used [0x00000000e0000000,0x00000000e5e80000,0x00000000e5e80000)
  from space 15360K, 9% used [0x00000000e5e80000,0x00000000e5ff7e40,0x00000000e6d80000)
  to   space 15360K, 0% used [0x00000000e7900000,0x00000000e7900000,0x00000000e8800000)
 ParOldGen       total 84992K, used 59273K [0x00000000a0000000, 0x00000000a5300000, 0x00000000e0000000)
  object space 84992K, 69% used [0x00000000a0000000,0x00000000a39e24d8,0x00000000a5300000)
 Metaspace       used 71077K, capacity 73773K, committed 74072K, reserved 1114112K
  class space    used 9272K, capacity 9990K, committed 10112K, reserved 1048576K
Event: 71.614 GC heap after
Heap after GC invocations=37 (full 3):
 PSYoungGen      total 122368K, used 12964K [0x00000000e0000000, 0x00000000e8a80000, 0x0000000100000000)
  eden space 107008K, 0% used [0x00000000e0000000,0x00000000e0000000,0x00000000e6880000)
  from space 15360K, 84% used [0x00000000e7900000,0x00000000e85a91e8,0x00000000e8800000)
  to   space 16896K, 0% used [0x00000000e6880000,0x00000000e6880000,0x00000000e7900000)
 ParOldGen       total 84992K, used 59281K [0x00000000a0000000, 0x00000000a5300000, 0x00000000e0000000)
  object space 84992K, 69% used [0x00000000a0000000,0x00000000a39e44d8,0x00000000a5300000)
 Metaspace       used 71077K, capacity 73773K, committed 74072K, reserved 1114112K
  class space    used 9272K, capacity 9990K, committed 10112K, reserved 1048576K
}
Event: 105.412 GC heap before
{Heap before GC invocations=38 (full 3):
 PSYoungGen      total 122368K, used 119972K [0x00000000e0000000, 0x00000000e8a80000, 0x0000000100000000)
  eden space 107008K, 100% used [0x00000000e0000000,0x00000000e6880000,0x00000000e6880000)
  from space 15360K, 84% used [0x00000000e7900000,0x00000000e85a91e8,0x00000000e8800000)
  to   space 16896K, 0% used [0x00000000e6880000,0x00000000e6880000,0x00000000e7900000)
 ParOldGen       total 84992K, used 59281K [0x00000000a0000000, 0x00000000a5300000, 0x00000000e0000000)
  object space 84992K, 69% used [0x00000000a0000000,0x00000000a39e44d8,0x00000000a5300000)
 Metaspace       used 73111K, capacity 75755K, committed 75992K, reserved 1116160K
  class space    used 9484K, capacity 10173K, committed 10240K, reserved 1048576K
Event: 105.424 GC heap after
Heap after GC invocations=38 (full 3):
 PSYoungGen      total 123904K, used 5104K [0x00000000e0000000, 0x00000000e9300000, 0x0000000100000000)
  eden space 107008K, 0% used [0x00000000e0000000,0x00000000e0000000,0x00000000e6880000)
  from space 16896K, 30% used [0x00000000e6880000,0x00000000e6d7c2a8,0x00000000e7900000)
  to   space 16384K, 0% used [0x00000000e8300000,0x00000000e8300000,0x00000000e9300000)
 ParOldGen       total 84992K, used 59289K [0x00000000a0000000, 0x00000000a5300000, 0x00000000e0000000)
  object space 84992K, 69% used [0x00000000a0000000,0x00000000a39e64d8,0x00000000a5300000)
 Metaspace       used 73111K, capacity 75755K, committed 75992K, reserved 1116160K
  class space    used 9484K, capacity 10173K, committed 10240K, reserved 1048576K
}

