# JRE version: OpenJDK Runtime Environment (8.0_152-b06) (build 1.8.0_152-release-1136-b06)
# Java VM: OpenJDK 64-Bit Server VM (25.152-b06 mixed mode windows-amd64 compressed oops)
Heap:
 PSYoungGen      total 432128K, used 313813K [0x00000000e0000000, 0x00000000fb480000, 0x0000000100000000)
  eden space 417280K, 74% used [0x00000000e0000000,0x00000000f307bf70,0x00000000f9780000)
  from space 14848K, 13% used [0x00000000f9780000,0x00000000f9979820,0x00000000fa600000)
  to   space 10752K, 0% used [0x00000000faa00000,0x00000000faa00000,0x00000000fb480000)
 ParOldGen       total 92160K, used 42621K [0x00000000a0000000, 0x00000000a5a00000, 0x00000000e0000000)
  object space 92160K, 46% used [0x00000000a0000000,0x00000000a299f6a0,0x00000000a5a00000)
 Metaspace       used 72496K, capacity 75734K, committed 75992K, reserved 1116160K
  class space    used 9502K, capacity 10184K, committed 10240K, reserved 1048576K
GC Heap History (10 events):
Event: 99.982 GC heap before
{Heap before GC invocations=28 (full 3):
 PSYoungGen      total 375808K, used 373925K [0x00000000e0000000, 0x00000000f8900000, 0x0000000100000000)
  eden space 361472K, 100% used [0x00000000e0000000,0x00000000f6100000,0x00000000f6100000)
  from space 14336K, 86% used [0x00000000f7080000,0x00000000f7ca9530,0x00000000f7e80000)
  to   space 15872K, 0% used [0x00000000f6100000,0x00000000f6100000,0x00000000f7080000)
 ParOldGen       total 92160K, used 42565K [0x00000000a0000000, 0x00000000a5a00000, 0x00000000e0000000)
  object space 92160K, 46% used [0x00000000a0000000,0x00000000a29916a0,0x00000000a5a00000)
 Metaspace       used 72223K, capacity 75490K, committed 75736K, reserved 1114112K
  class space    used 9494K, capacity 10150K, committed 10240K, reserved 1048576K
Event: 100.020 GC heap after
Heap after GC invocations=28 (full 3):
 PSYoungGen      total 377344K, used 7319K [0x00000000e0000000, 0x00000000fb880000, 0x0000000100000000)
  eden space 361472K, 0% used [0x00000000e0000000,0x00000000e0000000,0x00000000f6100000)
  from space 15872K, 46% used [0x00000000f6100000,0x00000000f6825d78,0x00000000f7080000)
  to   space 14848K, 0% used [0x00000000faa00000,0x00000000faa00000,0x00000000fb880000)
 ParOldGen       total 92160K, used 42589K [0x00000000a0000000, 0x00000000a5a00000, 0x00000000e0000000)
  object space 92160K, 46% used [0x00000000a0000000,0x00000000a29976a0,0x00000000a5a00000)
 Metaspace       used 72223K, capacity 75490K, committed 75736K, reserved 1114112K
  class space    used 9494K, capacity 10150K, committed 10240K, reserved 1048576K
}
Event: 102.403 GC heap before
{Heap before GC invocations=29 (full 3):
 PSYoungGen      total 377344K, used 368791K [0x00000000e0000000, 0x00000000fb880000, 0x0000000100000000)
  eden space 361472K, 100% used [0x00000000e0000000,0x00000000f6100000,0x00000000f6100000)
  from space 15872K, 46% used [0x00000000f6100000,0x00000000f6825d78,0x00000000f7080000)
  to   space 14848K, 0% used [0x00000000faa00000,0x00000000faa00000,0x00000000fb880000)
 ParOldGen       total 92160K, used 42589K [0x00000000a0000000, 0x00000000a5a00000, 0x00000000e0000000)
  object space 92160K, 46% used [0x00000000a0000000,0x00000000a29976a0,0x00000000a5a00000)
 Metaspace       used 72246K, capacity 75494K, committed 75736K, reserved 1114112K
  class space    used 9494K, capacity 10150K, committed 10240K, reserved 1048576K
Event: 102.420 GC heap after
Heap after GC invocations=29 (full 3):
 PSYoungGen      total 428032K, used 4132K [0x00000000e0000000, 0x00000000fb480000, 0x0000000100000000)
  eden space 417280K, 0% used [0x00000000e0000000,0x00000000e0000000,0x00000000f9780000)
  from space 10752K, 38% used [0x00000000faa00000,0x00000000fae09280,0x00000000fb480000)
  to   space 14848K, 0% used [0x00000000f9780000,0x00000000f9780000,0x00000000fa600000)
 ParOldGen       total 92160K, used 42605K [0x00000000a0000000, 0x00000000a5a00000, 0x00000000e0000000)
  object space 92160K, 46% used [0x00000000a0000000,0x00000000a299b6a0,0x00000000a5a00000)
 Metaspace       used 72246K, capacity 75494K, committed 75736K, reserved 1114112K
  class space    used 9494K, capacity 10150K, committed 10240K, reserved 1048576K
}
Event: 105.026 GC heap before
{Heap before GC invocations=30 (full 3):
 PSYoungGen      total 428032K, used 421412K [0x00000000e0000000, 0x00000000fb480000, 0x0000000100000000)
  eden space 417280K, 100% used [0x00000000e0000000,0x00000000f9780000,0x00000000f9780000)
  from space 10752K, 38% used [0x00000000faa00000,0x00000000fae09280,0x00000000fb480000)
  to   space 14848K, 0% used [0x00000000f9780000,0x00000000f9780000,0x00000000fa600000)
 ParOldGen       total 92160K, used 42605K [0x00000000a0000000, 0x00000000a5a00000, 0x00000000e0000000)
  object space 92160K, 46% used [0x00000000a0000000,0x00000000a299b6a0,0x00000000a5a00000)
 Metaspace       used 72359K, capacity 75666K, committed 75736K, reserved 1114112K
  class space    used 9502K, capacity 10184K, committed 10240K, reserved 1048576K
Event: 105.041 GC heap after
Heap after GC invocations=30 (full 3):
 PSYoungGen      total 432128K, used 2722K [0x00000000e0000000, 0x00000000fb480000, 0x0000000100000000)
  eden space 417280K, 0% used [0x00000000e0000000,0x00000000e0000000,0x00000000f9780000)
  from space 14848K, 18% used [0x00000000f9780000,0x00000000f9a28be8,0x00000000fa600000)
  to   space 10752K, 0% used [0x00000000faa00000,0x00000000faa00000,0x00000000fb480000)
 ParOldGen       total 92160K, used 42613K [0x00000000a0000000, 0x00000000a5a00000, 0x00000000e0000000)
  object space 92160K, 46% used [0x00000000a0000000,0x00000000a299d6a0,0x00000000a5a00000)
 Metaspace       used 72359K, capacity 75666K, committed 75736K, reserved 1114112K
  class space    used 9502K, capacity 10184K, committed 10240K, reserved 1048576K
}
Event: 108.062 GC heap before
{Heap before GC invocations=31 (full 3):
 PSYoungGen      total 432128K, used 420002K [0x00000000e0000000, 0x00000000fb480000, 0x0000000100000000)
  eden space 417280K, 100% used [0x00000000e0000000,0x00000000f9780000,0x00000000f9780000)
  from space 14848K, 18% used [0x00000000f9780000,0x00000000f9a28be8,0x00000000fa600000)
  to   space 10752K, 0% used [0x00000000faa00000,0x00000000faa00000,0x00000000fb480000)
 ParOldGen       total 92160K, used 42613K [0x00000000a0000000, 0x00000000a5a00000, 0x00000000e0000000)
  object space 92160K, 46% used [0x00000000a0000000,0x00000000a299d6a0,0x00000000a5a00000)
 Metaspace       used 72428K, capacity 75666K, committed 75736K, reserved 1114112K
  class space    used 9502K, capacity 10184K, committed 10240K, reserved 1048576K
Event: 108.069 GC heap after
Heap after GC invocations=31 (full 3):
 PSYoungGen      total 428032K, used 768K [0x00000000e0000000, 0x00000000fb480000, 0x0000000100000000)
  eden space 417280K, 0% used [0x00000000e0000000,0x00000000e0000000,0x00000000f9780000)
  from space 10752K, 7% used [0x00000000faa00000,0x00000000faac0000,0x00000000fb480000)
  to   space 14848K, 0% used [0x00000000f9780000,0x00000000f9780000,0x00000000fa600000)
 ParOldGen       total 92160K, used 42621K [0x00000000a0000000, 0x00000000a5a00000, 0x00000000e0000000)
  object space 92160K, 46% used [0x00000000a0000000,0x00000000a299f6a0,0x00000000a5a00000)
 Metaspace       used 72428K, capacity 75666K, committed 75736K, reserved 1114112K
  class space    used 9502K, capacity 10184K, committed 10240K, reserved 1048576K
}
Event: 110.347 GC heap before
{Heap before GC invocations=32 (full 3):
 PSYoungGen      total 428032K, used 418048K [0x00000000e0000000, 0x00000000fb480000, 0x0000000100000000)
  eden space 417280K, 100% used [0x00000000e0000000,0x00000000f9780000,0x00000000f9780000)
  from space 10752K, 7% used [0x00000000faa00000,0x00000000faac0000,0x00000000fb480000)
  to   space 14848K, 0% used [0x00000000f9780000,0x00000000f9780000,0x00000000fa600000)
 ParOldGen       total 92160K, used 42621K [0x00000000a0000000, 0x00000000a5a00000, 0x00000000e0000000)
  object space 92160K, 46% used [0x00000000a0000000,0x00000000a299f6a0,0x00000000a5a00000)
 Metaspace       used 72453K, capacity 75734K, committed 75992K, reserved 1116160K
  class space    used 9502K, capacity 10184K, committed 10240K, reserved 1048576K
Event: 110.353 GC heap after
Heap after GC invocations=32 (full 3):
 PSYoungGen      total 432128K, used 2022K [0x00000000e0000000, 0x00000000fb480000, 0x0000000100000000)
  eden space 417280K, 0% used [0x00000000e0000000,0x00000000e0000000,0x00000000f9780000)
  from space 14848K, 13% used [0x00000000f9780000,0x00000000f9979820,0x00000000fa600000)
  to   space 10752K, 0% used [0x00000000faa00000,0x00000000faa00000,0x00000000fb480000)
 ParOldGen       total 92160K, used 42621K [0x00000000a0000000, 0x00000000a5a00000, 0x00000000e0000000)
  object space 92160K, 46% used [0x00000000a0000000,0x00000000a299f6a0,0x00000000a5a00000)
 Metaspace       used 72453K, capacity 75734K, committed 75992K, reserved 1116160K
  class space    used 9502K, capacity 10184K, committed 10240K, reserved 1048576K
}

