# JRE version: OpenJDK Runtime Environment (8.0_152-b06) (build 1.8.0_152-release-1136-b06)
# Java VM: OpenJDK 64-Bit Server VM (25.152-b06 mixed mode windows-amd64 compressed oops)
Heap:
 PSYoungGen      total 164352K, used 21458K [0x00000000e0000000, 0x00000000ee800000, 0x0000000100000000)
  eden space 134656K, 15% used [0x00000000e0000000,0x00000000e14f4ad0,0x00000000e8380000)
  from space 29696K, 0% used [0x00000000e8380000,0x00000000e8380000,0x00000000ea080000)
  to   space 41984K, 0% used [0x00000000ebf00000,0x00000000ebf00000,0x00000000ee800000)
 ParOldGen       total 111616K, used 56192K [0x00000000a0000000, 0x00000000a6d00000, 0x00000000e0000000)
  object space 111616K, 50% used [0x00000000a0000000,0x00000000a36e01d0,0x00000000a6d00000)
 Metaspace       used 77994K, capacity 80387K, committed 80728K, reserved 1122304K
  class space    used 9875K, capacity 10454K, committed 10624K, reserved 1048576K
GC Heap History (10 events):
Event: 359.716 GC heap before
{Heap before GC invocations=24 (full 3):
 PSYoungGen      total 154112K, used 154107K [0x00000000e0000000, 0x00000000ed400000, 0x0000000100000000)
  eden space 134656K, 100% used [0x00000000e0000000,0x00000000e8380000,0x00000000e8380000)
  from space 19456K, 99% used [0x00000000ea080000,0x00000000eb37ec58,0x00000000eb380000)
  to   space 29696K, 0% used [0x00000000e8380000,0x00000000e8380000,0x00000000ea080000)
 ParOldGen       total 111616K, used 65899K [0x00000000a0000000, 0x00000000a6d00000, 0x00000000e0000000)
  object space 111616K, 59% used [0x00000000a0000000,0x00000000a405ae20,0x00000000a6d00000)
 Metaspace       used 69548K, capacity 71604K, committed 71896K, reserved 1112064K
  class space    used 8846K, capacity 9346K, committed 9472K, reserved 1048576K
Event: 359.821 GC heap after
Heap after GC invocations=24 (full 3):
 PSYoungGen      total 164352K, used 29671K [0x00000000e0000000, 0x00000000ee800000, 0x0000000100000000)
  eden space 134656K, 0% used [0x00000000e0000000,0x00000000e0000000,0x00000000e8380000)
  from space 29696K, 99% used [0x00000000e8380000,0x00000000ea079cf8,0x00000000ea080000)
  to   space 41984K, 0% used [0x00000000ebf00000,0x00000000ebf00000,0x00000000ee800000)
 ParOldGen       total 111616K, used 86189K [0x00000000a0000000, 0x00000000a6d00000, 0x00000000e0000000)
  object space 111616K, 77% used [0x00000000a0000000,0x00000000a542b758,0x00000000a6d00000)
 Metaspace       used 69548K, capacity 71604K, committed 71896K, reserved 1112064K
  class space    used 8846K, capacity 9346K, committed 9472K, reserved 1048576K
}
Event: 371.121 GC heap before
{Heap before GC invocations=25 (full 3):
 PSYoungGen      total 164352K, used 134113K [0x00000000e0000000, 0x00000000ee800000, 0x0000000100000000)
  eden space 134656K, 77% used [0x00000000e0000000,0x00000000e65fe7e8,0x00000000e8380000)
  from space 29696K, 99% used [0x00000000e8380000,0x00000000ea079cf8,0x00000000ea080000)
  to   space 41984K, 0% used [0x00000000ebf00000,0x00000000ebf00000,0x00000000ee800000)
 ParOldGen       total 111616K, used 86189K [0x00000000a0000000, 0x00000000a6d00000, 0x00000000e0000000)
  object space 111616K, 77% used [0x00000000a0000000,0x00000000a542b758,0x00000000a6d00000)
 Metaspace       used 75172K, capacity 77708K, committed 77784K, reserved 1120256K
  class space    used 9578K, capacity 10168K, committed 10240K, reserved 1048576K
Event: 371.202 GC heap after
Heap after GC invocations=25 (full 3):
 PSYoungGen      total 176640K, used 38379K [0x00000000e0000000, 0x00000000ee800000, 0x0000000100000000)
  eden space 134656K, 0% used [0x00000000e0000000,0x00000000e0000000,0x00000000e8380000)
  from space 41984K, 91% used [0x00000000ebf00000,0x00000000ee47ace0,0x00000000ee800000)
  to   space 29696K, 0% used [0x00000000e8380000,0x00000000e8380000,0x00000000ea080000)
 ParOldGen       total 111616K, used 92377K [0x00000000a0000000, 0x00000000a6d00000, 0x00000000e0000000)
  object space 111616K, 82% used [0x00000000a0000000,0x00000000a5a36630,0x00000000a6d00000)
 Metaspace       used 75172K, capacity 77708K, committed 77784K, reserved 1120256K
  class space    used 9578K, capacity 10168K, committed 10240K, reserved 1048576K
}
Event: 371.202 GC heap before
{Heap before GC invocations=26 (full 4):
 PSYoungGen      total 176640K, used 38379K [0x00000000e0000000, 0x00000000ee800000, 0x0000000100000000)
  eden space 134656K, 0% used [0x00000000e0000000,0x00000000e0000000,0x00000000e8380000)
  from space 41984K, 91% used [0x00000000ebf00000,0x00000000ee47ace0,0x00000000ee800000)
  to   space 29696K, 0% used [0x00000000e8380000,0x00000000e8380000,0x00000000ea080000)
 ParOldGen       total 111616K, used 92377K [0x00000000a0000000, 0x00000000a6d00000, 0x00000000e0000000)
  object space 111616K, 82% used [0x00000000a0000000,0x00000000a5a36630,0x00000000a6d00000)
 Metaspace       used 75172K, capacity 77708K, committed 77784K, reserved 1120256K
  class space    used 9578K, capacity 10168K, committed 10240K, reserved 1048576K
Event: 371.501 GC heap after
Heap after GC invocations=26 (full 4):
 PSYoungGen      total 176640K, used 0K [0x00000000e0000000, 0x00000000ee800000, 0x0000000100000000)
  eden space 134656K, 0% used [0x00000000e0000000,0x00000000e0000000,0x00000000e8380000)
  from space 41984K, 0% used [0x00000000ebf00000,0x00000000ebf00000,0x00000000ee800000)
  to   space 29696K, 0% used [0x00000000e8380000,0x00000000e8380000,0x00000000ea080000)
 ParOldGen       total 111616K, used 59409K [0x00000000a0000000, 0x00000000a6d00000, 0x00000000e0000000)
  object space 111616K, 53% used [0x00000000a0000000,0x00000000a3a04700,0x00000000a6d00000)
 Metaspace       used 74363K, capacity 76582K, committed 77784K, reserved 1118208K
  class space    used 9457K, capacity 10001K, committed 10240K, reserved 1048576K
}
Event: 374.120 GC heap before
{Heap before GC invocations=27 (full 4):
 PSYoungGen      total 176640K, used 55898K [0x00000000e0000000, 0x00000000ee800000, 0x0000000100000000)
  eden space 134656K, 41% used [0x00000000e0000000,0x00000000e36968a8,0x00000000e8380000)
  from space 41984K, 0% used [0x00000000ebf00000,0x00000000ebf00000,0x00000000ee800000)
  to   space 29696K, 0% used [0x00000000e8380000,0x00000000e8380000,0x00000000ea080000)
 ParOldGen       total 111616K, used 59409K [0x00000000a0000000, 0x00000000a6d00000, 0x00000000e0000000)
  object space 111616K, 53% used [0x00000000a0000000,0x00000000a3a04700,0x00000000a6d00000)
 Metaspace       used 77836K, capacity 80213K, committed 80344K, reserved 1126400K
  class space    used 9882K, capacity 10465K, committed 10496K, reserved 1048576K
Event: 374.137 GC heap after
Heap after GC invocations=27 (full 4):
 PSYoungGen      total 164352K, used 4032K [0x00000000e0000000, 0x00000000ee800000, 0x0000000100000000)
  eden space 134656K, 0% used [0x00000000e0000000,0x00000000e0000000,0x00000000e8380000)
  from space 29696K, 13% used [0x00000000e8380000,0x00000000e8770238,0x00000000ea080000)
  to   space 41984K, 0% used [0x00000000ebf00000,0x00000000ebf00000,0x00000000ee800000)
 ParOldGen       total 111616K, used 59417K [0x00000000a0000000, 0x00000000a6d00000, 0x00000000e0000000)
  object space 111616K, 53% used [0x00000000a0000000,0x00000000a3a06700,0x00000000a6d00000)
 Metaspace       used 77836K, capacity 80213K, committed 80344K, reserved 1126400K
  class space    used 9882K, capacity 10465K, committed 10496K, reserved 1048576K
}
Event: 374.137 GC heap before
{Heap before GC invocations=28 (full 5):
 PSYoungGen      total 164352K, used 4032K [0x00000000e0000000, 0x00000000ee800000, 0x0000000100000000)
  eden space 134656K, 0% used [0x00000000e0000000,0x00000000e0000000,0x00000000e8380000)
  from space 29696K, 13% used [0x00000000e8380000,0x00000000e8770238,0x00000000ea080000)
  to   space 41984K, 0% used [0x00000000ebf00000,0x00000000ebf00000,0x00000000ee800000)
 ParOldGen       total 111616K, used 59417K [0x00000000a0000000, 0x00000000a6d00000, 0x00000000e0000000)
  object space 111616K, 53% used [0x00000000a0000000,0x00000000a3a06700,0x00000000a6d00000)
 Metaspace       used 77836K, capacity 80213K, committed 80344K, reserved 1126400K
  class space    used 9882K, capacity 10465K, committed 10496K, reserved 1048576K
Event: 374.562 GC heap after
Heap after GC invocations=28 (full 5):
 PSYoungGen      total 164352K, used 0K [0x00000000e0000000, 0x00000000ee800000, 0x0000000100000000)
  eden space 134656K, 0% used [0x00000000e0000000,0x00000000e0000000,0x00000000e8380000)
  from space 29696K, 0% used [0x00000000e8380000,0x00000000e8380000,0x00000000ea080000)
  to   space 41984K, 0% used [0x00000000ebf00000,0x00000000ebf00000,0x00000000ee800000)
 ParOldGen       total 111616K, used 56192K [0x00000000a0000000, 0x00000000a6d00000, 0x00000000e0000000)
  object space 111616K, 50% used [0x00000000a0000000,0x00000000a36e01d0,0x00000000a6d00000)
 Metaspace       used 77749K, capacity 80067K, committed 80344K, reserved 1122304K
  class space    used 9848K, capacity 10408K, committed 10496K, reserved 1048576K
}

